# JRE version: Java(TM) SE Runtime Environment (8.0_201-b09) (build 1.8.0_201-b09)
# Java VM: Java HotSpot(TM) 64-Bit Server VM (25.201-b09 mixed mode bsd-amd64 compressed oops)
Heap:
 PSYoungGen      total 677888K, used 412334K [0x00000007b5d80000, 0x00000007e0800000, 0x00000007e0800000)
  eden space 656896K, 61% used [0x00000007b5d80000,0x00000007ce6986c0,0x00000007ddf00000)
  from space 20992K, 46% used [0x00000007ddf00000,0x00000007de8933b0,0x00000007df380000)
  to   space 20992K, 0% used [0x00000007df380000,0x00000007df380000,0x00000007e0800000)
 ParOldGen       total 1398272K, used 111686K [0x0000000760800000, 0x00000007b5d80000, 0x00000007b5d80000)
  object space 1398272K, 7% used [0x0000000760800000,0x0000000767511a98,0x00000007b5d80000)
 Metaspace       used 143906K, capacity 162436K, committed 162688K, reserved 1191936K
  class space    used 18786K, capacity 19731K, committed 19840K, reserved 1048576K
GC Heap History (10 events):
Event: 3042.455 GC heap before
{Heap before GC invocations=79 (full 35):
 PSYoungGen      total 679424K, used 3752K [0x00000007b5d80000, 0x00000007e0800000, 0x00000007e0800000)
  eden space 658432K, 0% used [0x00000007b5d80000,0x00000007b5d80000,0x00000007de080000)
  from space 20992K, 17% used [0x00000007df380000,0x00000007df72a1e8,0x00000007e0800000)
  to   space 19456K, 0% used [0x00000007de080000,0x00000007de080000,0x00000007df380000)
 ParOldGen       total 1398272K, used 111299K [0x0000000760800000, 0x00000007b5d80000, 0x00000007b5d80000)
  object space 1398272K, 7% used [0x0000000760800000,0x00000007674b0e50,0x00000007b5d80000)
 Metaspace       used 142788K, capacity 161238K, committed 161536K, reserved 1191936K
  class space    used 18692K, capacity 19618K, committed 19712K, reserved 1048576K
Event: 3042.682 GC heap after
Heap after GC invocations=79 (full 35):
 PSYoungGen      total 679424K, used 0K [0x00000007b5d80000, 0x00000007e0800000, 0x00000007e0800000)
  eden space 658432K, 0% used [0x00000007b5d80000,0x00000007b5d80000,0x00000007de080000)
  from space 20992K, 0% used [0x00000007df380000,0x00000007df380000,0x00000007e0800000)
  to   space 19456K, 0% used [0x00000007de080000,0x00000007de080000,0x00000007df380000)
 ParOldGen       total 1398272K, used 113733K [0x0000000760800000, 0x00000007b5d80000, 0x00000007b5d80000)
  object space 1398272K, 8% used [0x0000000760800000,0x0000000767711458,0x00000007b5d80000)
 Metaspace       used 142788K, capacity 161238K, committed 161536K, reserved 1191936K
  class space    used 18692K, capacity 19618K, committed 19712K, reserved 1048576K
}
Event: 3042.682 GC heap before
{Heap before GC invocations=80 (full 35):
 PSYoungGen      total 679424K, used 1019K [0x00000007b5d80000, 0x00000007e0800000, 0x00000007e0800000)
  eden space 658432K, 0% used [0x00000007b5d80000,0x00000007b5e7ee40,0x00000007de080000)
  from space 20992K, 0% used [0x00000007df380000,0x00000007df380000,0x00000007e0800000)
  to   space 19456K, 0% used [0x00000007de080000,0x00000007de080000,0x00000007df380000)
 ParOldGen       total 1398272K, used 113733K [0x0000000760800000, 0x00000007b5d80000, 0x00000007b5d80000)
  object space 1398272K, 8% used [0x0000000760800000,0x0000000767711458,0x00000007b5d80000)
 Metaspace       used 142788K, capacity 161238K, committed 161536K, reserved 1191936K
  class space    used 18692K, capacity 19618K, committed 19712K, reserved 1048576K
Event: 3042.686 GC heap after
Heap after GC invocations=80 (full 35):
 PSYoungGen      total 677888K, used 0K [0x00000007b5d80000, 0x00000007e0800000, 0x00000007e0800000)
  eden space 658432K, 0% used [0x00000007b5d80000,0x00000007b5d80000,0x00000007de080000)
  from space 19456K, 0% used [0x00000007de080000,0x00000007de080000,0x00000007df380000)
  to   space 19456K, 0% used [0x00000007df500000,0x00000007df500000,0x00000007e0800000)
 ParOldGen       total 1398272K, used 113733K [0x0000000760800000, 0x00000007b5d80000, 0x00000007b5d80000)
  object space 1398272K, 8% used [0x0000000760800000,0x0000000767711458,0x00000007b5d80000)
 Metaspace       used 142788K, capacity 161238K, committed 161536K, reserved 1191936K
  class space    used 18692K, capacity 19618K, committed 19712K, reserved 1048576K
}
Event: 3042.686 GC heap before
{Heap before GC invocations=81 (full 36):
 PSYoungGen      total 677888K, used 0K [0x00000007b5d80000, 0x00000007e0800000, 0x00000007e0800000)
  eden space 658432K, 0% used [0x00000007b5d80000,0x00000007b5d80000,0x00000007de080000)
  from space 19456K, 0% used [0x00000007de080000,0x00000007de080000,0x00000007df380000)
  to   space 19456K, 0% used [0x00000007df500000,0x00000007df500000,0x00000007e0800000)
 ParOldGen       total 1398272K, used 113733K [0x0000000760800000, 0x00000007b5d80000, 0x00000007b5d80000)
  object space 1398272K, 8% used [0x0000000760800000,0x0000000767711458,0x00000007b5d80000)
 Metaspace       used 142788K, capacity 161238K, committed 161536K, reserved 1191936K
  class space    used 18692K, capacity 19618K, committed 19712K, reserved 1048576K
Event: 3042.810 GC heap after
Heap after GC invocations=81 (full 36):
 PSYoungGen      total 677888K, used 0K [0x00000007b5d80000, 0x00000007e0800000, 0x00000007e0800000)
  eden space 658432K, 0% used [0x00000007b5d80000,0x00000007b5d80000,0x00000007de080000)
  from space 19456K, 0% used [0x00000007de080000,0x00000007de080000,0x00000007df380000)
  to   space 19456K, 0% used [0x00000007df500000,0x00000007df500000,0x00000007e0800000)
 ParOldGen       total 1398272K, used 111670K [0x0000000760800000, 0x00000007b5d80000, 0x00000007b5d80000)
  object space 1398272K, 7% used [0x0000000760800000,0x000000076750da98,0x00000007b5d80000)
 Metaspace       used 142788K, capacity 161238K, committed 161536K, reserved 1191936K
  class space    used 18692K, capacity 19618K, committed 19712K, reserved 1048576K
}
Event: 3064.612 GC heap before
{Heap before GC invocations=82 (full 36):
 PSYoungGen      total 677888K, used 658432K [0x00000007b5d80000, 0x00000007e0800000, 0x00000007e0800000)
  eden space 658432K, 100% used [0x00000007b5d80000,0x00000007de080000,0x00000007de080000)
  from space 19456K, 0% used [0x00000007de080000,0x00000007de080000,0x00000007df380000)
  to   space 19456K, 0% used [0x00000007df500000,0x00000007df500000,0x00000007e0800000)
 ParOldGen       total 1398272K, used 111670K [0x0000000760800000, 0x00000007b5d80000, 0x00000007b5d80000)
  object space 1398272K, 7% used [0x0000000760800000,0x000000076750da98,0x00000007b5d80000)
 Metaspace       used 142881K, capacity 161246K, committed 161536K, reserved 1191936K
  class space    used 18692K, capacity 19618K, committed 19712K, reserved 1048576K
Event: 3064.619 GC heap after
Heap after GC invocations=82 (full 36):
 PSYoungGen      total 676352K, used 13174K [0x00000007b5d80000, 0x00000007e0800000, 0x00000007e0800000)
  eden space 656896K, 0% used [0x00000007b5d80000,0x00000007b5d80000,0x00000007ddf00000)
  from space 19456K, 67% used [0x00000007df500000,0x00000007e01dd960,0x00000007e0800000)
  to   space 20992K, 0% used [0x00000007ddf00000,0x00000007ddf00000,0x00000007df380000)
 ParOldGen       total 1398272K, used 111678K [0x0000000760800000, 0x00000007b5d80000, 0x00000007b5d80000)
  object space 1398272K, 7% used [0x0000000760800000,0x000000076750fa98,0x00000007b5d80000)
 Metaspace       used 142881K, capacity 161246K, committed 161536K, reserved 1191936K
  class space    used 18692K, capacity 19618K, committed 19712K, reserved 1048576K
}
Event: 3094.047 GC heap before
{Heap before GC invocations=83 (full 36):
 PSYoungGen      total 676352K, used 670070K [0x00000007b5d80000, 0x00000007e0800000, 0x00000007e0800000)
  eden space 656896K, 100% used [0x00000007b5d80000,0x00000007ddf00000,0x00000007ddf00000)
  from space 19456K, 67% used [0x00000007df500000,0x00000007e01dd960,0x00000007e0800000)
  to   space 20992K, 0% used [0x00000007ddf00000,0x00000007ddf00000,0x00000007df380000)
 ParOldGen       total 1398272K, used 111678K [0x0000000760800000, 0x00000007b5d80000, 0x00000007b5d80000)
  object space 1398272K, 7% used [0x0000000760800000,0x000000076750fa98,0x00000007b5d80000)
 Metaspace       used 143001K, capacity 161310K, committed 161536K, reserved 1191936K
  class space    used 18692K, capacity 19618K, committed 19712K, reserved 1048576K
Event: 3094.055 GC heap after
Heap after GC invocations=83 (full 36):
 PSYoungGen      total 677888K, used 9804K [0x00000007b5d80000, 0x00000007e0800000, 0x00000007e0800000)
  eden space 656896K, 0% used [0x00000007b5d80000,0x00000007b5d80000,0x00000007ddf00000)
  from space 20992K, 46% used [0x00000007ddf00000,0x00000007de8933b0,0x00000007df380000)
  to   space 20992K, 0% used [0x00000007df380000,0x00000007df380000,0x00000007e0800000)
 ParOldGen       total 1398272K, used 111686K [0x0000000760800000, 0x00000007b5d80000, 0x00000007b5d80000)
  object space 1398272K, 7% used [0x0000000760800000,0x0000000767511a98,0x00000007b5d80000)
 Metaspace       used 143001K, capacity 161310K, committed 161536K, reserved 1191936K
  class space    used 18692K, capacity 19618K, committed 19712K, reserved 1048576K
}

